<?xml version="1.0" encoding="UTF-8"?>
<testng-results skipped="0" failed="2" ignored="0" total="12" passed="10">
  <reporter-output>
  </reporter-output>
  <suite name="Surefire suite" duration-ms="224241" started-at="2022-02-14T18:34:30 IST" finished-at="2022-02-14T18:38:14 IST">
    <groups>
    </groups>
    <test name="Surefire test" duration-ms="224241" started-at="2022-02-14T18:34:30 IST" finished-at="2022-02-14T18:38:14 IST">
      <class name="demo.testcases.ManagerPageTests">
        <test-method status="PASS" signature="setup()[pri:0, instance:demo.testcases.ManagerPageTests@491cc5c9]" name="setup" is-config="true" duration-ms="10483" started-at="2022-02-14T18:35:42 IST" finished-at="2022-02-14T18:35:52 IST">
          <reporter-output>
          </reporter-output>
        </test-method> <!-- setup -->
        <test-method status="PASS" signature="ManagerPageTitleTest()[pri:1, instance:demo.testcases.ManagerPageTests@491cc5c9]" name="ManagerPageTitleTest" duration-ms="11" started-at="2022-02-14T18:35:52 IST" finished-at="2022-02-14T18:35:52 IST">
          <reporter-output>
          </reporter-output>
        </test-method> <!-- ManagerPageTitleTest -->
        <test-method status="PASS" signature="teardown()[pri:0, instance:demo.testcases.ManagerPageTests@491cc5c9]" name="teardown" is-config="true" duration-ms="2437" started-at="2022-02-14T18:35:52 IST" finished-at="2022-02-14T18:35:55 IST">
          <reporter-output>
          </reporter-output>
        </test-method> <!-- teardown -->
        <test-method status="PASS" signature="setup()[pri:0, instance:demo.testcases.ManagerPageTests@491cc5c9]" name="setup" is-config="true" duration-ms="8887" started-at="2022-02-14T18:35:55 IST" finished-at="2022-02-14T18:36:04 IST">
          <reporter-output>
          </reporter-output>
        </test-method> <!-- setup -->
        <test-method status="PASS" signature="verifyManagerIdTest()[pri:2, instance:demo.testcases.ManagerPageTests@491cc5c9]" name="verifyManagerIdTest" duration-ms="371" started-at="2022-02-14T18:36:04 IST" finished-at="2022-02-14T18:36:04 IST">
          <reporter-output>
          </reporter-output>
        </test-method> <!-- verifyManagerIdTest -->
        <test-method status="PASS" signature="teardown()[pri:0, instance:demo.testcases.ManagerPageTests@491cc5c9]" name="teardown" is-config="true" duration-ms="1653" started-at="2022-02-14T18:36:04 IST" finished-at="2022-02-14T18:36:06 IST">
          <reporter-output>
          </reporter-output>
        </test-method> <!-- teardown -->
        <test-method status="PASS" signature="setup()[pri:0, instance:demo.testcases.ManagerPageTests@491cc5c9]" name="setup" is-config="true" duration-ms="10054" started-at="2022-02-14T18:36:06 IST" finished-at="2022-02-14T18:36:16 IST">
          <reporter-output>
          </reporter-output>
        </test-method> <!-- setup -->
        <test-method status="PASS" signature="verifyAllLinksTest()[pri:3, instance:demo.testcases.ManagerPageTests@491cc5c9]" name="verifyAllLinksTest" duration-ms="697" started-at="2022-02-14T18:36:16 IST" finished-at="2022-02-14T18:36:16 IST">
          <reporter-output>
          </reporter-output>
        </test-method> <!-- verifyAllLinksTest -->
        <test-method status="PASS" signature="teardown()[pri:0, instance:demo.testcases.ManagerPageTests@491cc5c9]" name="teardown" is-config="true" duration-ms="1824" started-at="2022-02-14T18:36:16 IST" finished-at="2022-02-14T18:36:18 IST">
          <reporter-output>
          </reporter-output>
        </test-method> <!-- teardown -->
        <test-method status="PASS" signature="setup()[pri:0, instance:demo.testcases.ManagerPageTests@491cc5c9]" name="setup" is-config="true" duration-ms="11881" started-at="2022-02-14T18:36:18 IST" finished-at="2022-02-14T18:36:30 IST">
          <reporter-output>
          </reporter-output>
        </test-method> <!-- setup -->
        <test-method status="PASS" signature="verifynewCustomerlinkTest()[pri:4, instance:demo.testcases.ManagerPageTests@491cc5c9]" name="verifynewCustomerlinkTest" duration-ms="4364" started-at="2022-02-14T18:36:30 IST" finished-at="2022-02-14T18:36:34 IST">
          <reporter-output>
          </reporter-output>
        </test-method> <!-- verifynewCustomerlinkTest -->
        <test-method status="PASS" signature="teardown()[pri:0, instance:demo.testcases.ManagerPageTests@491cc5c9]" name="teardown" is-config="true" duration-ms="1654" started-at="2022-02-14T18:36:34 IST" finished-at="2022-02-14T18:36:36 IST">
          <reporter-output>
          </reporter-output>
        </test-method> <!-- teardown -->
      </class> <!-- demo.testcases.ManagerPageTests -->
      <class name="demo.testcases.LoginPageTests">
        <test-method status="PASS" signature="setup()[pri:0, instance:demo.testcases.LoginPageTests@7a9273a8]" name="setup" is-config="true" duration-ms="11308" started-at="2022-02-14T18:34:30 IST" finished-at="2022-02-14T18:34:41 IST">
          <reporter-output>
          </reporter-output>
        </test-method> <!-- setup -->
        <test-method status="PASS" signature="loginPageTitleTest()[pri:1, instance:demo.testcases.LoginPageTests@7a9273a8]" name="loginPageTitleTest" duration-ms="18" started-at="2022-02-14T18:34:41 IST" finished-at="2022-02-14T18:34:41 IST">
          <reporter-output>
          </reporter-output>
        </test-method> <!-- loginPageTitleTest -->
        <test-method status="PASS" signature="teardown()[pri:0, instance:demo.testcases.LoginPageTests@7a9273a8]" name="teardown" is-config="true" duration-ms="730" started-at="2022-02-14T18:34:41 IST" finished-at="2022-02-14T18:34:42 IST">
          <reporter-output>
          </reporter-output>
        </test-method> <!-- teardown -->
        <test-method status="PASS" signature="setup()[pri:0, instance:demo.testcases.LoginPageTests@7a9273a8]" name="setup" is-config="true" duration-ms="6984" started-at="2022-02-14T18:34:43 IST" finished-at="2022-02-14T18:34:50 IST">
          <reporter-output>
          </reporter-output>
        </test-method> <!-- setup -->
        <test-method status="PASS" signature="loginWithInvalidData(java.lang.String,java.lang.String,java.lang.String)[pri:2, instance:demo.testcases.LoginPageTests@7a9273a8]" name="loginWithInvalidData" duration-ms="995" started-at="2022-02-14T18:34:50 IST" data-provider="getLoginTestdata" finished-at="2022-02-14T18:34:51 IST">
          <params>
            <param index="0">
              <value>
                <![CDATA[InvalidUN]]>
              </value>
            </param>
            <param index="1">
              <value>
                <![CDATA[InvalidPW]]>
              </value>
            </param>
            <param index="2">
              <value>
                <![CDATA[User or Password is not valid]]>
              </value>
            </param>
          </params>
          <reporter-output>
          </reporter-output>
        </test-method> <!-- loginWithInvalidData -->
        <test-method status="PASS" signature="teardown()[pri:0, instance:demo.testcases.LoginPageTests@7a9273a8]" name="teardown" is-config="true" duration-ms="842" started-at="2022-02-14T18:34:51 IST" finished-at="2022-02-14T18:34:52 IST">
          <reporter-output>
          </reporter-output>
        </test-method> <!-- teardown -->
        <test-method status="PASS" signature="setup()[pri:0, instance:demo.testcases.LoginPageTests@7a9273a8]" name="setup" is-config="true" duration-ms="14115" started-at="2022-02-14T18:34:52 IST" finished-at="2022-02-14T18:35:06 IST">
          <reporter-output>
          </reporter-output>
        </test-method> <!-- setup -->
        <test-method status="PASS" signature="loginWithInvalidData(java.lang.String,java.lang.String,java.lang.String)[pri:2, instance:demo.testcases.LoginPageTests@7a9273a8]" name="loginWithInvalidData" duration-ms="1192" started-at="2022-02-14T18:35:06 IST" data-provider="getLoginTestdata" finished-at="2022-02-14T18:35:07 IST">
          <params>
            <param index="0">
              <value>
                <![CDATA[Invalid]]>
              </value>
            </param>
            <param index="1">
              <value>
                <![CDATA[Guru@99]]>
              </value>
            </param>
            <param index="2">
              <value>
                <![CDATA[User or Password is not valid]]>
              </value>
            </param>
          </params>
          <reporter-output>
          </reporter-output>
        </test-method> <!-- loginWithInvalidData -->
        <test-method status="PASS" signature="teardown()[pri:0, instance:demo.testcases.LoginPageTests@7a9273a8]" name="teardown" is-config="true" duration-ms="4530" started-at="2022-02-14T18:35:07 IST" finished-at="2022-02-14T18:35:12 IST">
          <reporter-output>
          </reporter-output>
        </test-method> <!-- teardown -->
        <test-method status="PASS" signature="setup()[pri:0, instance:demo.testcases.LoginPageTests@7a9273a8]" name="setup" is-config="true" duration-ms="15013" started-at="2022-02-14T18:35:12 IST" finished-at="2022-02-14T18:35:27 IST">
          <reporter-output>
          </reporter-output>
        </test-method> <!-- setup -->
        <test-method status="PASS" signature="loginWithInvalidData(java.lang.String,java.lang.String,java.lang.String)[pri:2, instance:demo.testcases.LoginPageTests@7a9273a8]" name="loginWithInvalidData" duration-ms="1315" started-at="2022-02-14T18:35:27 IST" data-provider="getLoginTestdata" finished-at="2022-02-14T18:35:28 IST">
          <params>
            <param index="0">
              <value>
                <![CDATA[mngr381679]]>
              </value>
            </param>
            <param index="1">
              <value>
                <![CDATA[Invalid]]>
              </value>
            </param>
            <param index="2">
              <value>
                <![CDATA[User or Password is not valid]]>
              </value>
            </param>
          </params>
          <reporter-output>
          </reporter-output>
        </test-method> <!-- loginWithInvalidData -->
        <test-method status="PASS" signature="teardown()[pri:0, instance:demo.testcases.LoginPageTests@7a9273a8]" name="teardown" is-config="true" duration-ms="934" started-at="2022-02-14T18:35:28 IST" finished-at="2022-02-14T18:35:29 IST">
          <reporter-output>
          </reporter-output>
        </test-method> <!-- teardown -->
        <test-method status="PASS" signature="setup()[pri:0, instance:demo.testcases.LoginPageTests@7a9273a8]" name="setup" is-config="true" duration-ms="9094" started-at="2022-02-14T18:35:29 IST" finished-at="2022-02-14T18:35:38 IST">
          <reporter-output>
          </reporter-output>
        </test-method> <!-- setup -->
        <test-method status="PASS" signature="loginWithValidData()[pri:3, instance:demo.testcases.LoginPageTests@7a9273a8]" name="loginWithValidData" duration-ms="2812" started-at="2022-02-14T18:35:38 IST" finished-at="2022-02-14T18:35:41 IST">
          <reporter-output>
          </reporter-output>
        </test-method> <!-- loginWithValidData -->
        <test-method status="PASS" signature="teardown()[pri:0, instance:demo.testcases.LoginPageTests@7a9273a8]" name="teardown" is-config="true" duration-ms="871" started-at="2022-02-14T18:35:41 IST" finished-at="2022-02-14T18:35:42 IST">
          <reporter-output>
          </reporter-output>
        </test-method> <!-- teardown -->
      </class> <!-- demo.testcases.LoginPageTests -->
      <class name="demo.testcases.NewCustomerPageTests">
        <test-method status="PASS" signature="setup()[pri:0, instance:demo.testcases.NewCustomerPageTests@74ad1f1f]" name="setup" is-config="true" duration-ms="12205" started-at="2022-02-14T18:36:36 IST" finished-at="2022-02-14T18:36:48 IST">
          <reporter-output>
          </reporter-output>
        </test-method> <!-- setup -->
        <test-method status="PASS" signature="NewCustomerPageTitleTest()[pri:1, instance:demo.testcases.NewCustomerPageTests@74ad1f1f]" name="NewCustomerPageTitleTest" duration-ms="3365" started-at="2022-02-14T18:36:48 IST" finished-at="2022-02-14T18:36:52 IST">
          <reporter-output>
          </reporter-output>
        </test-method> <!-- NewCustomerPageTitleTest -->
        <test-method status="PASS" signature="teardown()[pri:0, instance:demo.testcases.NewCustomerPageTests@74ad1f1f]" name="teardown" is-config="true" duration-ms="1640" started-at="2022-02-14T18:36:52 IST" finished-at="2022-02-14T18:36:53 IST">
          <reporter-output>
          </reporter-output>
        </test-method> <!-- teardown -->
        <test-method status="PASS" signature="setup()[pri:0, instance:demo.testcases.NewCustomerPageTests@74ad1f1f]" name="setup" is-config="true" duration-ms="13184" started-at="2022-02-14T18:36:53 IST" finished-at="2022-02-14T18:37:07 IST">
          <reporter-output>
          </reporter-output>
        </test-method> <!-- setup -->
        <test-method status="FAIL" signature="validateNewCutomerCreationTest(java.lang.String,java.lang.String,java.lang.String,java.lang.String,java.lang.String,java.lang.String,java.lang.String,java.lang.String,java.lang.String,java.lang.String)[pri:2, instance:demo.testcases.NewCustomerPageTests@74ad1f1f]" name="validateNewCutomerCreationTest" duration-ms="22968" started-at="2022-02-14T18:37:07 IST" data-provider="getNewCutomerData" finished-at="2022-02-14T18:37:30 IST">
          <params>
            <param index="0">
              <value>
                <![CDATA[Smita K]]>
              </value>
            </param>
            <param index="1">
              <value>
                <![CDATA[female]]>
              </value>
            </param>
            <param index="2">
              <value>
                <![CDATA[28-02-1988]]>
              </value>
            </param>
            <param index="3">
              <value>
                <![CDATA[Pune]]>
              </value>
            </param>
            <param index="4">
              <value>
                <![CDATA[Pune]]>
              </value>
            </param>
            <param index="5">
              <value>
                <![CDATA[Maharashatra]]>
              </value>
            </param>
            <param index="6">
              <value>
                <![CDATA[4110030.0]]>
              </value>
            </param>
            <param index="7">
              <value>
                <![CDATA[9745455634]]>
              </value>
            </param>
            <param index="8">
              <value>
                <![CDATA[smitak@guru99.com]]>
              </value>
            </param>
            <param index="9">
              <value>
                <![CDATA[smita]]>
              </value>
            </param>
          </params>
          <exception class="org.openqa.selenium.NoSuchElementException">
            <message>
              <![CDATA[no such element: Unable to locate element: {"method":"xpath","selector":"//P[@class='heading3' and contains(text(), 'Customer Registered Successfully!!!')]"}
  (Session info: chrome=98.0.4758.82)
For documentation on this error, please visit: https://selenium.dev/exceptions/#no_such_element
Build info: version: '4.0.0', revision: '3a21814679'
System info: host: 'HP', ip: '192.168.0.80', os.name: 'Windows 8.1', os.arch: 'amd64', os.version: '6.3', java.version: '1.8.0_241'
Driver info: org.openqa.selenium.chrome.ChromeDriver
Command: [3a3519135d48e1cc12fde383e1b48859, findElement {using=xpath, value=//P[@class='heading3' and contains(text(), 'Customer Registered Successfully!!!')]}]
Capabilities {acceptInsecureCerts: false, browserName: chrome, browserVersion: 98.0.4758.82, chrome: {chromedriverVersion: 97.0.4692.71 (adefa7837d02a..., userDataDir: C:\Users\hp-pc\AppData\Loca...}, goog:chromeOptions: {debuggerAddress: localhost:63502}, javascriptEnabled: true, networkConnectionEnabled: false, pageLoadStrategy: normal, platform: WINDOWS, platformName: WINDOWS, proxy: Proxy(), se:cdp: ws://localhost:63502/devtoo..., se:cdpVersion: 98.0.4758.82, setWindowRect: true, strictFileInteractability: false, timeouts: {implicit: 0, pageLoad: 300000, script: 30000}, unhandledPromptBehavior: dismiss and notify, webauthn:extension:credBlob: true, webauthn:extension:largeBlob: true, webauthn:virtualAuthenticators: true}
Session ID: 3a3519135d48e1cc12fde383e1b48859]]>
            </message>
            <full-stacktrace>
              <![CDATA[org.openqa.selenium.NoSuchElementException: no such element: Unable to locate element: {"method":"xpath","selector":"//P[@class='heading3' and contains(text(), 'Customer Registered Successfully!!!')]"}
  (Session info: chrome=98.0.4758.82)
For documentation on this error, please visit: https://selenium.dev/exceptions/#no_such_element
Build info: version: '4.0.0', revision: '3a21814679'
System info: host: 'HP', ip: '192.168.0.80', os.name: 'Windows 8.1', os.arch: 'amd64', os.version: '6.3', java.version: '1.8.0_241'
Driver info: org.openqa.selenium.chrome.ChromeDriver
Command: [3a3519135d48e1cc12fde383e1b48859, findElement {using=xpath, value=//P[@class='heading3' and contains(text(), 'Customer Registered Successfully!!!')]}]
Capabilities {acceptInsecureCerts: false, browserName: chrome, browserVersion: 98.0.4758.82, chrome: {chromedriverVersion: 97.0.4692.71 (adefa7837d02a..., userDataDir: C:\Users\hp-pc\AppData\Loca...}, goog:chromeOptions: {debuggerAddress: localhost:63502}, javascriptEnabled: true, networkConnectionEnabled: false, pageLoadStrategy: normal, platform: WINDOWS, platformName: WINDOWS, proxy: Proxy(), se:cdp: ws://localhost:63502/devtoo..., se:cdpVersion: 98.0.4758.82, setWindowRect: true, strictFileInteractability: false, timeouts: {implicit: 0, pageLoad: 300000, script: 30000}, unhandledPromptBehavior: dismiss and notify, webauthn:extension:credBlob: true, webauthn:extension:largeBlob: true, webauthn:virtualAuthenticators: true}
Session ID: 3a3519135d48e1cc12fde383e1b48859
at sun.reflect.NativeConstructorAccessorImpl.newInstance0(Native Method)
at sun.reflect.NativeConstructorAccessorImpl.newInstance(NativeConstructorAccessorImpl.java:62)
at sun.reflect.DelegatingConstructorAccessorImpl.newInstance(DelegatingConstructorAccessorImpl.java:45)
at java.lang.reflect.Constructor.newInstance(Constructor.java:423)
at org.openqa.selenium.remote.codec.w3c.W3CHttpResponseCodec.createException(W3CHttpResponseCodec.java:200)
at org.openqa.selenium.remote.codec.w3c.W3CHttpResponseCodec.decode(W3CHttpResponseCodec.java:133)
at org.openqa.selenium.remote.codec.w3c.W3CHttpResponseCodec.decode(W3CHttpResponseCodec.java:53)
at org.openqa.selenium.remote.HttpCommandExecutor.execute(HttpCommandExecutor.java:184)
at org.openqa.selenium.remote.service.DriverCommandExecutor.invokeExecute(DriverCommandExecutor.java:164)
at org.openqa.selenium.remote.service.DriverCommandExecutor.execute(DriverCommandExecutor.java:139)
at org.openqa.selenium.remote.RemoteWebDriver.execute(RemoteWebDriver.java:559)
at org.openqa.selenium.remote.ElementLocation$ElementFinder$2.findElement(ElementLocation.java:162)
at org.openqa.selenium.remote.ElementLocation.findElement(ElementLocation.java:60)
at org.openqa.selenium.remote.RemoteWebDriver.findElement(RemoteWebDriver.java:383)
at org.openqa.selenium.remote.RemoteWebDriver.findElement(RemoteWebDriver.java:375)
at org.openqa.selenium.support.pagefactory.DefaultElementLocator.findElement(DefaultElementLocator.java:70)
at org.openqa.selenium.support.pagefactory.internal.LocatingElementHandler.invoke(LocatingElementHandler.java:39)
at com.sun.proxy.$Proxy13.isDisplayed(Unknown Source)
at demo.pages.AddNewCustomerPage.submitForm(AddNewCustomerPage.java:120)
at demo.testcases.NewCustomerPageTests.validateNewCutomerCreationTest(NewCustomerPageTests.java:47)
at sun.reflect.NativeMethodAccessorImpl.invoke0(Native Method)
at sun.reflect.NativeMethodAccessorImpl.invoke(NativeMethodAccessorImpl.java:62)
at sun.reflect.DelegatingMethodAccessorImpl.invoke(DelegatingMethodAccessorImpl.java:43)
at java.lang.reflect.Method.invoke(Method.java:498)
at org.testng.internal.invokers.MethodInvocationHelper.invokeMethod(MethodInvocationHelper.java:135)
at org.testng.internal.invokers.TestInvoker.invokeMethod(TestInvoker.java:673)
at org.testng.internal.invokers.TestInvoker.invokeTestMethod(TestInvoker.java:220)
at org.testng.internal.invokers.MethodRunner.runInSequence(MethodRunner.java:50)
at org.testng.internal.invokers.TestInvoker$MethodInvocationAgent.invoke(TestInvoker.java:945)
at org.testng.internal.invokers.TestInvoker.invokeTestMethods(TestInvoker.java:193)
at org.testng.internal.invokers.TestMethodWorker.invokeTestMethods(TestMethodWorker.java:146)
at org.testng.internal.invokers.TestMethodWorker.run(TestMethodWorker.java:128)
at java.util.ArrayList.forEach(ArrayList.java:1257)
at org.testng.TestRunner.privateRun(TestRunner.java:808)
at org.testng.TestRunner.run(TestRunner.java:603)
at org.testng.SuiteRunner.runTest(SuiteRunner.java:429)
at org.testng.SuiteRunner.runSequentially(SuiteRunner.java:423)
at org.testng.SuiteRunner.privateRun(SuiteRunner.java:383)
at org.testng.SuiteRunner.run(SuiteRunner.java:326)
at org.testng.SuiteRunnerWorker.runSuite(SuiteRunnerWorker.java:52)
at org.testng.SuiteRunnerWorker.run(SuiteRunnerWorker.java:95)
at org.testng.TestNG.runSuitesSequentially(TestNG.java:1249)
at org.testng.TestNG.runSuitesLocally(TestNG.java:1169)
at org.testng.TestNG.runSuites(TestNG.java:1092)
at org.testng.TestNG.run(TestNG.java:1060)
at org.apache.maven.surefire.testng.TestNGExecutor.run(TestNGExecutor.java:135)
at org.apache.maven.surefire.testng.TestNGDirectoryTestSuite.executeMulti(TestNGDirectoryTestSuite.java:193)
at org.apache.maven.surefire.testng.TestNGDirectoryTestSuite.execute(TestNGDirectoryTestSuite.java:94)
at org.apache.maven.surefire.testng.TestNGProvider.invoke(TestNGProvider.java:146)
at org.apache.maven.surefire.booter.ForkedBooter.invokeProviderInSameClassLoader(ForkedBooter.java:384)
at org.apache.maven.surefire.booter.ForkedBooter.runSuitesInProcess(ForkedBooter.java:345)
at org.apache.maven.surefire.booter.ForkedBooter.execute(ForkedBooter.java:126)
at org.apache.maven.surefire.booter.ForkedBooter.main(ForkedBooter.java:418)
]]>
            </full-stacktrace>
          </exception> <!-- org.openqa.selenium.NoSuchElementException -->
          <reporter-output>
          </reporter-output>
        </test-method> <!-- validateNewCutomerCreationTest -->
        <test-method status="PASS" signature="teardown()[pri:0, instance:demo.testcases.NewCustomerPageTests@74ad1f1f]" name="teardown" is-config="true" duration-ms="2587" started-at="2022-02-14T18:37:30 IST" finished-at="2022-02-14T18:37:32 IST">
          <reporter-output>
          </reporter-output>
        </test-method> <!-- teardown -->
        <test-method status="PASS" signature="setup()[pri:0, instance:demo.testcases.NewCustomerPageTests@74ad1f1f]" name="setup" is-config="true" duration-ms="13815" started-at="2022-02-14T18:37:32 IST" finished-at="2022-02-14T18:37:46 IST">
          <reporter-output>
          </reporter-output>
        </test-method> <!-- setup -->
        <test-method status="FAIL" signature="validateNewCutomerCreationTest(java.lang.String,java.lang.String,java.lang.String,java.lang.String,java.lang.String,java.lang.String,java.lang.String,java.lang.String,java.lang.String,java.lang.String)[pri:2, instance:demo.testcases.NewCustomerPageTests@74ad1f1f]" name="validateNewCutomerCreationTest" duration-ms="25955" started-at="2022-02-14T18:37:46 IST" data-provider="getNewCutomerData" finished-at="2022-02-14T18:38:12 IST">
          <params>
            <param index="0">
              <value>
                <![CDATA[Sharad A]]>
              </value>
            </param>
            <param index="1">
              <value>
                <![CDATA[male]]>
              </value>
            </param>
            <param index="2">
              <value>
                <![CDATA[02-Nov-1967]]>
              </value>
            </param>
            <param index="3">
              <value>
                <![CDATA[Nashik]]>
              </value>
            </param>
            <param index="4">
              <value>
                <![CDATA[Nashik]]>
              </value>
            </param>
            <param index="5">
              <value>
                <![CDATA[Maharashatra]]>
              </value>
            </param>
            <param index="6">
              <value>
                <![CDATA[4110030.0]]>
              </value>
            </param>
            <param index="7">
              <value>
                <![CDATA[9745455635]]>
              </value>
            </param>
            <param index="8">
              <value>
                <![CDATA[sharadA@guru99.com]]>
              </value>
            </param>
            <param index="9">
              <value>
                <![CDATA[sharad]]>
              </value>
            </param>
          </params>
          <exception class="org.openqa.selenium.NoSuchElementException">
            <message>
              <![CDATA[no such element: Unable to locate element: {"method":"xpath","selector":"//P[@class='heading3' and contains(text(), 'Customer Registered Successfully!!!')]"}
  (Session info: chrome=98.0.4758.82)
For documentation on this error, please visit: https://selenium.dev/exceptions/#no_such_element
Build info: version: '4.0.0', revision: '3a21814679'
System info: host: 'HP', ip: '192.168.0.80', os.name: 'Windows 8.1', os.arch: 'amd64', os.version: '6.3', java.version: '1.8.0_241'
Driver info: org.openqa.selenium.chrome.ChromeDriver
Command: [4979078b34cf3438f4a165633cbfbb74, findElement {using=xpath, value=//P[@class='heading3' and contains(text(), 'Customer Registered Successfully!!!')]}]
Capabilities {acceptInsecureCerts: false, browserName: chrome, browserVersion: 98.0.4758.82, chrome: {chromedriverVersion: 97.0.4692.71 (adefa7837d02a..., userDataDir: C:\Users\hp-pc\AppData\Loca...}, goog:chromeOptions: {debuggerAddress: localhost:63578}, javascriptEnabled: true, networkConnectionEnabled: false, pageLoadStrategy: normal, platform: WINDOWS, platformName: WINDOWS, proxy: Proxy(), se:cdp: ws://localhost:63578/devtoo..., se:cdpVersion: 98.0.4758.82, setWindowRect: true, strictFileInteractability: false, timeouts: {implicit: 0, pageLoad: 300000, script: 30000}, unhandledPromptBehavior: dismiss and notify, webauthn:extension:credBlob: true, webauthn:extension:largeBlob: true, webauthn:virtualAuthenticators: true}
Session ID: 4979078b34cf3438f4a165633cbfbb74]]>
            </message>
            <full-stacktrace>
              <![CDATA[org.openqa.selenium.NoSuchElementException: no such element: Unable to locate element: {"method":"xpath","selector":"//P[@class='heading3' and contains(text(), 'Customer Registered Successfully!!!')]"}
  (Session info: chrome=98.0.4758.82)
For documentation on this error, please visit: https://selenium.dev/exceptions/#no_such_element
Build info: version: '4.0.0', revision: '3a21814679'
System info: host: 'HP', ip: '192.168.0.80', os.name: 'Windows 8.1', os.arch: 'amd64', os.version: '6.3', java.version: '1.8.0_241'
Driver info: org.openqa.selenium.chrome.ChromeDriver
Command: [4979078b34cf3438f4a165633cbfbb74, findElement {using=xpath, value=//P[@class='heading3' and contains(text(), 'Customer Registered Successfully!!!')]}]
Capabilities {acceptInsecureCerts: false, browserName: chrome, browserVersion: 98.0.4758.82, chrome: {chromedriverVersion: 97.0.4692.71 (adefa7837d02a..., userDataDir: C:\Users\hp-pc\AppData\Loca...}, goog:chromeOptions: {debuggerAddress: localhost:63578}, javascriptEnabled: true, networkConnectionEnabled: false, pageLoadStrategy: normal, platform: WINDOWS, platformName: WINDOWS, proxy: Proxy(), se:cdp: ws://localhost:63578/devtoo..., se:cdpVersion: 98.0.4758.82, setWindowRect: true, strictFileInteractability: false, timeouts: {implicit: 0, pageLoad: 300000, script: 30000}, unhandledPromptBehavior: dismiss and notify, webauthn:extension:credBlob: true, webauthn:extension:largeBlob: true, webauthn:virtualAuthenticators: true}
Session ID: 4979078b34cf3438f4a165633cbfbb74
at sun.reflect.NativeConstructorAccessorImpl.newInstance0(Native Method)
at sun.reflect.NativeConstructorAccessorImpl.newInstance(NativeConstructorAccessorImpl.java:62)
at sun.reflect.DelegatingConstructorAccessorImpl.newInstance(DelegatingConstructorAccessorImpl.java:45)
at java.lang.reflect.Constructor.newInstance(Constructor.java:423)
at org.openqa.selenium.remote.codec.w3c.W3CHttpResponseCodec.createException(W3CHttpResponseCodec.java:200)
at org.openqa.selenium.remote.codec.w3c.W3CHttpResponseCodec.decode(W3CHttpResponseCodec.java:133)
at org.openqa.selenium.remote.codec.w3c.W3CHttpResponseCodec.decode(W3CHttpResponseCodec.java:53)
at org.openqa.selenium.remote.HttpCommandExecutor.execute(HttpCommandExecutor.java:184)
at org.openqa.selenium.remote.service.DriverCommandExecutor.invokeExecute(DriverCommandExecutor.java:164)
at org.openqa.selenium.remote.service.DriverCommandExecutor.execute(DriverCommandExecutor.java:139)
at org.openqa.selenium.remote.RemoteWebDriver.execute(RemoteWebDriver.java:559)
at org.openqa.selenium.remote.ElementLocation$ElementFinder$2.findElement(ElementLocation.java:162)
at org.openqa.selenium.remote.ElementLocation.findElement(ElementLocation.java:60)
at org.openqa.selenium.remote.RemoteWebDriver.findElement(RemoteWebDriver.java:383)
at org.openqa.selenium.remote.RemoteWebDriver.findElement(RemoteWebDriver.java:375)
at org.openqa.selenium.support.pagefactory.DefaultElementLocator.findElement(DefaultElementLocator.java:70)
at org.openqa.selenium.support.pagefactory.internal.LocatingElementHandler.invoke(LocatingElementHandler.java:39)
at com.sun.proxy.$Proxy13.isDisplayed(Unknown Source)
at demo.pages.AddNewCustomerPage.submitForm(AddNewCustomerPage.java:120)
at demo.testcases.NewCustomerPageTests.validateNewCutomerCreationTest(NewCustomerPageTests.java:47)
at sun.reflect.NativeMethodAccessorImpl.invoke0(Native Method)
at sun.reflect.NativeMethodAccessorImpl.invoke(NativeMethodAccessorImpl.java:62)
at sun.reflect.DelegatingMethodAccessorImpl.invoke(DelegatingMethodAccessorImpl.java:43)
at java.lang.reflect.Method.invoke(Method.java:498)
at org.testng.internal.invokers.MethodInvocationHelper.invokeMethod(MethodInvocationHelper.java:135)
at org.testng.internal.invokers.TestInvoker.invokeMethod(TestInvoker.java:673)
at org.testng.internal.invokers.TestInvoker.invokeTestMethod(TestInvoker.java:220)
at org.testng.internal.invokers.MethodRunner.runInSequence(MethodRunner.java:50)
at org.testng.internal.invokers.TestInvoker$MethodInvocationAgent.invoke(TestInvoker.java:945)
at org.testng.internal.invokers.TestInvoker.invokeTestMethods(TestInvoker.java:193)
at org.testng.internal.invokers.TestMethodWorker.invokeTestMethods(TestMethodWorker.java:146)
at org.testng.internal.invokers.TestMethodWorker.run(TestMethodWorker.java:128)
at java.util.ArrayList.forEach(ArrayList.java:1257)
at org.testng.TestRunner.privateRun(TestRunner.java:808)
at org.testng.TestRunner.run(TestRunner.java:603)
at org.testng.SuiteRunner.runTest(SuiteRunner.java:429)
at org.testng.SuiteRunner.runSequentially(SuiteRunner.java:423)
at org.testng.SuiteRunner.privateRun(SuiteRunner.java:383)
at org.testng.SuiteRunner.run(SuiteRunner.java:326)
at org.testng.SuiteRunnerWorker.runSuite(SuiteRunnerWorker.java:52)
at org.testng.SuiteRunnerWorker.run(SuiteRunnerWorker.java:95)
at org.testng.TestNG.runSuitesSequentially(TestNG.java:1249)
at org.testng.TestNG.runSuitesLocally(TestNG.java:1169)
at org.testng.TestNG.runSuites(TestNG.java:1092)
at org.testng.TestNG.run(TestNG.java:1060)
at org.apache.maven.surefire.testng.TestNGExecutor.run(TestNGExecutor.java:135)
at org.apache.maven.surefire.testng.TestNGDirectoryTestSuite.executeMulti(TestNGDirectoryTestSuite.java:193)
at org.apache.maven.surefire.testng.TestNGDirectoryTestSuite.execute(TestNGDirectoryTestSuite.java:94)
at org.apache.maven.surefire.testng.TestNGProvider.invoke(TestNGProvider.java:146)
at org.apache.maven.surefire.booter.ForkedBooter.invokeProviderInSameClassLoader(ForkedBooter.java:384)
at org.apache.maven.surefire.booter.ForkedBooter.runSuitesInProcess(ForkedBooter.java:345)
at org.apache.maven.surefire.booter.ForkedBooter.execute(ForkedBooter.java:126)
at org.apache.maven.surefire.booter.ForkedBooter.main(ForkedBooter.java:418)
]]>
            </full-stacktrace>
          </exception> <!-- org.openqa.selenium.NoSuchElementException -->
          <reporter-output>
          </reporter-output>
        </test-method> <!-- validateNewCutomerCreationTest -->
        <test-method status="PASS" signature="teardown()[pri:0, instance:demo.testcases.NewCustomerPageTests@74ad1f1f]" name="teardown" is-config="true" duration-ms="2183" started-at="2022-02-14T18:38:12 IST" finished-at="2022-02-14T18:38:14 IST">
          <reporter-output>
          </reporter-output>
        </test-method> <!-- teardown -->
      </class> <!-- demo.testcases.NewCustomerPageTests -->
    </test> <!-- Surefire test -->
  </suite> <!-- Surefire suite -->
</testng-results>
